<?xml version="1.0" encoding="UTF-8"?>
<!-- Generated by org.testng.reporters.JUnitReportReporter -->
<testsuite hostname="LPCAIQ0797" failures="0" tests="1" name="com.ejada.coursera_appium_android.AppTest" time="5.260" errors="0" timestamp="2022-07-01T18:11:43 EET" skipped="0">
  <testcase classname="com.ejada.coursera_appium_android.AppTest" name="Login_test" time="5.260"/>
  <system-out/>
</testsuite> <!-- com.ejada.coursera_appium_android.AppTest -->
