<?xml version="1.0" encoding="UTF-8"?>
<!-- Generated by org.testng.reporters.JUnitReportReporter -->
<testsuite hostname="LPCAIQ0797" failures="0" tests="1" name="com.ejada.coursera_appium_android.LoginTest_1" time="6.930" errors="0" timestamp="2022-07-05T09:55:48 EET" skipped="0">
  <testcase classname="com.ejada.coursera_appium_android.LoginTest_1" name="Login_test" time="6.930"/>
  <system-out/>
</testsuite> <!-- com.ejada.coursera_appium_android.LoginTest_1 -->
